0 info it worked if it ends with ok
1 verbose cli [ '/usr/bin/nodejs', '/usr/bin/npm', 'run', 'banprod' ]
2 info using npm@3.10.8
3 info using node@v6.9.1
4 verbose run-script [ 'prebanprod', 'banprod', 'postbanprod' ]
5 info lifecycle reactjs-basics@1.0.0~prebanprod: reactjs-basics@1.0.0
6 silly lifecycle reactjs-basics@1.0.0~prebanprod: no script for prebanprod, continuing
7 info lifecycle reactjs-basics@1.0.0~banprod: reactjs-basics@1.0.0
8 verbose lifecycle reactjs-basics@1.0.0~banprod: unsafe-perm in lifecycle true
9 verbose lifecycle reactjs-basics@1.0.0~banprod: PATH: /usr/lib/node_modules/npm/bin/node-gyp-bin:/home/gotti/WebstormProjects/beatwrite/app/client/node_modules/.bin:/home/gotti/bin:/home/gotti/.local/bin:/usr/local/sbin:/usr/local/bin:/usr/sbin:/usr/bin:/sbin:/bin:/usr/games:/usr/local/games:/snap/bin:~/:/home/gotti/Downloads/WebStorm-162.2228.20/bin
10 verbose lifecycle reactjs-basics@1.0.0~banprod: CWD: /home/gotti/WebstormProjects/beatwrite/app/client
11 silly lifecycle reactjs-basics@1.0.0~banprod: Args: [ '-c',
11 silly lifecycle   'ENV=production webpack -d && cp src/index.html dist/index.html && git add --all && git commit -m \'prod build\' && git push heroku master' ]
12 silly lifecycle reactjs-basics@1.0.0~banprod: Returned: code: 128  signal: null
13 info lifecycle reactjs-basics@1.0.0~banprod: Failed to exec banprod script
14 verbose stack Error: reactjs-basics@1.0.0 banprod: `ENV=production webpack -d && cp src/index.html dist/index.html && git add --all && git commit -m 'prod build' && git push heroku master`
14 verbose stack Exit status 128
14 verbose stack     at EventEmitter.<anonymous> (/usr/lib/node_modules/npm/lib/utils/lifecycle.js:255:16)
14 verbose stack     at emitTwo (events.js:106:13)
14 verbose stack     at EventEmitter.emit (events.js:191:7)
14 verbose stack     at ChildProcess.<anonymous> (/usr/lib/node_modules/npm/lib/utils/spawn.js:40:14)
14 verbose stack     at emitTwo (events.js:106:13)
14 verbose stack     at ChildProcess.emit (events.js:191:7)
14 verbose stack     at maybeClose (internal/child_process.js:877:16)
14 verbose stack     at Process.ChildProcess._handle.onexit (internal/child_process.js:226:5)
15 verbose pkgid reactjs-basics@1.0.0
16 verbose cwd /home/gotti/WebstormProjects/beatwrite/app/client
17 error Linux 4.4.0-79-generic
18 error argv "/usr/bin/nodejs" "/usr/bin/npm" "run" "banprod"
19 error node v6.9.1
20 error npm  v3.10.8
21 error code ELIFECYCLE
22 error reactjs-basics@1.0.0 banprod: `ENV=production webpack -d && cp src/index.html dist/index.html && git add --all && git commit -m 'prod build' && git push heroku master`
22 error Exit status 128
23 error Failed at the reactjs-basics@1.0.0 banprod script 'ENV=production webpack -d && cp src/index.html dist/index.html && git add --all && git commit -m 'prod build' && git push heroku master'.
23 error Make sure you have the latest version of node.js and npm installed.
23 error If you do, this is most likely a problem with the reactjs-basics package,
23 error not with npm itself.
23 error Tell the author that this fails on your system:
23 error     ENV=production webpack -d && cp src/index.html dist/index.html && git add --all && git commit -m 'prod build' && git push heroku master
23 error You can get information on how to open an issue for this project with:
23 error     npm bugs reactjs-basics
23 error Or if that isn't available, you can get their info via:
23 error     npm owner ls reactjs-basics
23 error There is likely additional logging output above.
24 verbose exit [ 1, true ]
